<?xml version="1.0" encoding="UTF-8"?>
<!-- Generated by org.testng.reporters.JUnitReportReporter -->
<testsuite skipped="0" hostname="DESKTOP-AMSG348" name="org.techAltum.runner.TestRunner" tests="2" failures="0" timestamp="02 Feb 2020 06:54:39 GMT" time="39.542" errors="0">
  <testcase name="feature" time="23.201" classname="org.techAltum.runner.TestRunner"/>
  <testcase name="feature" time="16.341" classname="org.techAltum.runner.TestRunner"/>
</testsuite> <!-- org.techAltum.runner.TestRunner -->
