<?xml version="1.0" encoding="UTF-8"?>
<!-- Generated by org.testng.reporters.JUnitReportReporter -->
<testsuite skipped="0" hostname="DESKTOP-AMSG348" name="org.javaP.com.MySQLconector" tests="1" failures="0" timestamp="19 Jan 2020 01:57:45 GMT" time="0.232" errors="0">
  <testcase name="dbCOnnection" time="0.232" classname="org.javaP.com.MySQLconector"/>
</testsuite> <!-- org.javaP.com.MySQLconector -->
