<?xml version="1.0" encoding="UTF-8"?>
<!-- Generated by org.testng.reporters.JUnitReportReporter -->
<testsuite skipped="0" hostname="DESKTOP-AMSG348" name="org.techAltum.runner.TestRunner" tests="1" failures="0" timestamp="04 Jan 2020 06:17:57 GMT" time="20.746" errors="0">
  <testcase name="feature" time="20.746" classname="org.techAltum.runner.TestRunner"/>
</testsuite> <!-- org.techAltum.runner.TestRunner -->
