<?xml version="1.0" encoding="UTF-8"?>
<!-- Generated by org.testng.reporters.JUnitReportReporter -->
<testsuite skipped="0" hostname="DESKTOP-AMSG348" name="org.techAltum.runner.TestRunner" tests="2" failures="0" timestamp="30 Dec 2019 20:11:42 GMT" time="34.384" errors="0">
  <testcase name="feature" time="17.914" classname="org.techAltum.runner.TestRunner"/>
  <testcase name="feature" time="16.470" classname="org.techAltum.runner.TestRunner"/>
</testsuite> <!-- org.techAltum.runner.TestRunner -->
